2022-01-13 10:31:54 INFO  Log:10 - =====================================Start Test : addToCartTest TEST START=========================================
2022-01-13 10:32:05 INFO  Log:15 - =====================================addToCartTest TEST END=========================================
2022-01-13 10:35:05 INFO  Log:10 - =====================================IndexTest Start TEST START=========================================
2022-01-13 10:35:05 INFO  Log:23 - Url is open
2022-01-13 10:35:16 INFO  Log:10 - =====================================verifyTitle TEST START=========================================
2022-01-13 10:35:16 INFO  Log:15 - =====================================verifyTitle TEST END=========================================
2022-01-13 10:51:56 INFO  Log:10 - =====================================LoginTest TEST START=========================================
2022-01-13 10:56:47 INFO  Log:10 - =====================================LoginTest TEST START=========================================
2022-01-13 11:38:03 INFO  Log:10 - =====================================verifyAccountPageTest TEST START=========================================
2022-01-13 11:38:09 INFO  Log:15 - =====================================verifyCreateAccountPageTest TEST END=========================================
2022-01-13 11:38:40 INFO  Log:10 - =====================================endToEndTest TEST START=========================================
2022-01-13 11:39:11 INFO  Log:15 - =====================================endToEndTest TEST END=========================================
2022-01-13 11:39:51 INFO  Log:10 - =====================================LoginTest TEST START=========================================
2022-01-13 11:40:07 INFO  Log:10 - =====================================Start Test : addToCartTest TEST START=========================================
2022-01-13 11:40:15 INFO  Log:15 - =====================================addToCartTest TEST END=========================================
2022-01-13 11:40:24 INFO  Log:10 - =====================================IndexTest Start TEST START=========================================
2022-01-13 11:40:24 INFO  Log:23 - Url is open
2022-01-13 11:40:32 INFO  Log:10 - =====================================verifyTitle TEST START=========================================
2022-01-13 11:40:33 INFO  Log:15 - =====================================verifyTitle TEST END=========================================
2022-01-13 14:08:45 INFO  Log:10 - =====================================verifyAccountPageTest TEST START=========================================
2022-01-13 14:08:51 INFO  Log:15 - =====================================verifyCreateAccountPageTest TEST END=========================================
2022-01-13 14:09:02 INFO  Log:10 - =====================================LoginTest TEST START=========================================
2022-01-13 14:09:24 INFO  Log:10 - =====================================Start Test : addToCartTest TEST START=========================================
2022-01-13 14:09:33 INFO  Log:15 - =====================================addToCartTest TEST END=========================================
2022-01-13 15:54:42 INFO  Log:10 - =====================================endToEndTest TEST START=========================================
2022-01-13 15:55:10 INFO  Log:15 - =====================================endToEndTest TEST END=========================================
2022-01-13 15:55:20 INFO  Log:10 - =====================================Start Test : addToCartTest TEST START=========================================
2022-01-13 15:55:28 INFO  Log:15 - =====================================addToCartTest TEST END=========================================
2022-01-13 16:22:37 INFO  Log:10 - =====================================IndexTest Start TEST START=========================================
2022-01-13 16:22:37 INFO  Log:23 - Url is open
2022-01-13 16:22:45 INFO  Log:10 - =====================================IndexTest Start TEST START=========================================
2022-01-13 16:22:45 INFO  Log:23 - Url is open
2022-01-13 16:22:47 INFO  Log:10 - =====================================IndexTest Start TEST START=========================================
2022-01-13 16:22:47 INFO  Log:23 - Url is open
2022-01-13 16:22:49 INFO  Log:10 - =====================================verifyTitle TEST START=========================================
2022-01-13 16:22:49 INFO  Log:15 - =====================================verifyTitle TEST END=========================================
2022-01-13 16:23:06 INFO  Log:10 - =====================================verifyTitle TEST START=========================================
2022-01-13 16:23:06 INFO  Log:15 - =====================================verifyTitle TEST END=========================================
2022-01-13 16:24:53 INFO  Log:10 - =====================================IndexTest Start TEST START=========================================
2022-01-13 16:24:53 INFO  Log:23 - Url is open
2022-01-13 16:25:01 INFO  Log:10 - =====================================verifyTitle TEST START=========================================
2022-01-13 16:25:01 INFO  Log:15 - =====================================verifyTitle TEST END=========================================
2022-01-13 16:26:01 INFO  Log:10 - =====================================IndexTest Start TEST START=========================================
2022-01-13 16:26:01 INFO  Log:23 - Url is open
2022-01-13 16:26:11 INFO  Log:10 - =====================================verifyTitle TEST START=========================================
2022-01-13 16:26:11 INFO  Log:15 - =====================================verifyTitle TEST END=========================================
2022-01-13 16:26:45 INFO  Log:10 - =====================================IndexTest Start TEST START=========================================
2022-01-13 16:26:45 INFO  Log:23 - Url is open
2022-01-13 16:26:54 INFO  Log:10 - =====================================verifyTitle TEST START=========================================
2022-01-13 16:26:54 INFO  Log:15 - =====================================verifyTitle TEST END=========================================
2022-01-13 16:41:06 INFO  Log:10 - =====================================IndexTest Start TEST START=========================================
2022-01-13 16:41:06 INFO  Log:23 - Url is open
2022-01-13 16:41:18 INFO  Log:10 - =====================================verifyTitle TEST START=========================================
2022-01-13 16:41:18 INFO  Log:15 - =====================================verifyTitle TEST END=========================================
2022-01-15 00:11:08 INFO  Log:10 - =====================================IndexTest Start TEST START=========================================
2022-01-15 00:11:08 INFO  Log:23 - Url is open
2022-01-15 00:14:44 INFO  Log:10 - =====================================LoginTest TEST START=========================================
2022-01-15 00:20:27 INFO  Log:10 - =====================================verifyAccountPageTest TEST START=========================================
2022-01-15 00:20:33 INFO  Log:15 - =====================================verifyCreateAccountPageTest TEST END=========================================
2022-01-15 00:20:46 INFO  Log:10 - =====================================LoginTest TEST START=========================================
2022-01-15 00:27:42 INFO  Log:10 - =====================================verifyAccountPageTest TEST START=========================================
2022-01-15 00:30:23 INFO  Log:10 - =====================================verifyAccountPageTest TEST START=========================================
2022-01-15 00:35:04 INFO  Log:10 - =====================================LoginTest TEST START=========================================
2022-01-15 00:35:30 INFO  Log:10 - =====================================Start Test : addToCartTest TEST START=========================================
2022-01-15 00:35:39 INFO  Log:15 - =====================================addToCartTest TEST END=========================================
2022-01-15 00:42:22 INFO  Log:10 - =====================================verifyAccountPageTest TEST START=========================================
2022-01-15 00:42:28 INFO  Log:15 - =====================================verifyCreateAccountPageTest TEST END=========================================
2022-01-15 00:42:39 INFO  Log:10 - =====================================LoginTest TEST START=========================================
2022-01-15 00:42:56 INFO  Log:10 - =====================================Start Test : addToCartTest TEST START=========================================
2022-01-15 00:43:04 INFO  Log:15 - =====================================addToCartTest TEST END=========================================
2022-01-15 00:50:14 INFO  Log:10 - =====================================verifyAccountPageTest TEST START=========================================
2022-01-15 00:50:20 INFO  Log:15 - =====================================verifyCreateAccountPageTest TEST END=========================================
2022-01-15 00:50:31 INFO  Log:10 - =====================================LoginTest TEST START=========================================
2022-01-15 00:50:48 INFO  Log:10 - =====================================Start Test : addToCartTest TEST START=========================================
2022-01-15 00:50:56 INFO  Log:15 - =====================================addToCartTest TEST END=========================================
2022-01-15 00:57:12 INFO  Log:10 - =====================================verifyAccountPageTest TEST START=========================================
2022-01-15 00:57:20 INFO  Log:15 - =====================================verifyCreateAccountPageTest TEST END=========================================
2022-01-15 01:08:23 INFO  Log:10 - =====================================Start Test : addToCartTest TEST START=========================================
2022-01-15 01:08:35 INFO  Log:15 - =====================================addToCartTest TEST END=========================================
2022-01-15 01:13:36 INFO  Log:10 - =====================================LoginTest TEST START=========================================
2022-01-15 01:13:54 INFO  Log:10 - =====================================Start Test : addToCartTest TEST START=========================================
2022-01-15 01:14:03 INFO  Log:15 - =====================================addToCartTest TEST END=========================================
